[debug] [2024-05-07T09:13:36.287Z] ----------------------------------------------------------------------
[debug] [2024-05-07T09:13:36.289Z] Command:       C:\Program Files\nodejs\node.exe C:\Users\ACER\AppData\Roaming\npm\node_modules\firebase-tools\lib\bin\firebase.js init
[debug] [2024-05-07T09:13:36.289Z] CLI Version:   13.8.0
[debug] [2024-05-07T09:13:36.289Z] Platform:      win32
[debug] [2024-05-07T09:13:36.290Z] Node Version:  v20.12.2
[debug] [2024-05-07T09:13:36.290Z] Time:          Tue May 07 2024 14:43:36 GMT+0530 (India Standard Time)
[debug] [2024-05-07T09:13:36.290Z] ----------------------------------------------------------------------
[debug] 
[debug] [2024-05-07T09:13:36.296Z] > command requires scopes: ["email","openid","https://www.googleapis.com/auth/cloudplatformprojects.readonly","https://www.googleapis.com/auth/firebase","https://www.googleapis.com/auth/cloud-platform"]
[debug] [2024-05-07T09:13:36.296Z] > authorizing via signed-in user (aswithkumarcheella@gmail.com)
[info] 
     ######## #### ########  ######## ########     ###     ######  ########
     ##        ##  ##     ## ##       ##     ##  ##   ##  ##       ##
     ######    ##  ########  ######   ########  #########  ######  ######
     ##        ##  ##    ##  ##       ##     ## ##     ##       ## ##
     ##       #### ##     ## ######## ########  ##     ##  ######  ########

You're about to initialize a Firebase project in this directory:

  C:\expense-tracker

Before we get started, keep in mind:

  * You are currently outside your home directory

